[ 2016-07-07T10:02:28+08:00 ] 127.0.0.1 /index.php/Admin/Email/getMesCount.html
INFO: [ app_begin ] --START--
INFO: Run Behavior\ReadHtmlCacheBehavior [ RunTime:0.000000s ]
INFO: [ app_begin ] --END-- [ RunTime:0.001000s ]
SQL: SHOW COLUMNS FROM `tp_email` [ RunTime:0.0520s ]
ERR: 1064:Erreur de syntaxe près de ') LIMIT 1' à la ligne 1
 [ SQL语句 ] : SELECT COUNT(*) AS tp_count FROM `tp_email` WHERE ( isread = 0 and to_id =  ) LIMIT 1  
ERR: 1064:Erreur de syntaxe près de ') LIMIT 1' à la ligne 1
 [ SQL语句 ] : SELECT COUNT(*) AS tp_count FROM `tp_email` WHERE ( isread = 0 and to_id =  ) LIMIT 1  

[ 2016-07-07T10:02:31+08:00 ] 127.0.0.1 /index.php/Admin/Email/getMesCount.html
INFO: [ app_begin ] --START--
INFO: Run Behavior\ReadHtmlCacheBehavior [ RunTime:0.001000s ]
INFO: [ app_begin ] --END-- [ RunTime:0.001000s ]
SQL: SHOW COLUMNS FROM `tp_email` [ RunTime:0.0030s ]
ERR: 1064:Erreur de syntaxe près de ') LIMIT 1' à la ligne 1
 [ SQL语句 ] : SELECT COUNT(*) AS tp_count FROM `tp_email` WHERE ( isread = 0 and to_id =  ) LIMIT 1  
ERR: 1064:Erreur de syntaxe près de ') LIMIT 1' à la ligne 1
 [ SQL语句 ] : SELECT COUNT(*) AS tp_count FROM `tp_email` WHERE ( isread = 0 and to_id =  ) LIMIT 1  

[ 2016-07-07T10:02:34+08:00 ] 127.0.0.1 /index.php/Admin/Email/getMesCount.html
INFO: [ app_begin ] --START--
INFO: Run Behavior\ReadHtmlCacheBehavior [ RunTime:0.001000s ]
INFO: [ app_begin ] --END-- [ RunTime:0.002000s ]
SQL: SHOW COLUMNS FROM `tp_email` [ RunTime:0.0030s ]
ERR: 1064:Erreur de syntaxe près de ') LIMIT 1' à la ligne 1
 [ SQL语句 ] : SELECT COUNT(*) AS tp_count FROM `tp_email` WHERE ( isread = 0 and to_id =  ) LIMIT 1  
ERR: 1064:Erreur de syntaxe près de ') LIMIT 1' à la ligne 1
 [ SQL语句 ] : SELECT COUNT(*) AS tp_count FROM `tp_email` WHERE ( isread = 0 and to_id =  ) LIMIT 1  

[ 2016-07-07T10:02:38+08:00 ] 127.0.0.1 /index.php/Admin/Email/getMesCount.html
INFO: [ app_begin ] --START--
INFO: Run Behavior\ReadHtmlCacheBehavior [ RunTime:0.001001s ]
INFO: [ app_begin ] --END-- [ RunTime:0.002001s ]
SQL: SHOW COLUMNS FROM `tp_email` [ RunTime:0.0030s ]
ERR: 1064:Erreur de syntaxe près de ') LIMIT 1' à la ligne 1
 [ SQL语句 ] : SELECT COUNT(*) AS tp_count FROM `tp_email` WHERE ( isread = 0 and to_id =  ) LIMIT 1  
ERR: 1064:Erreur de syntaxe près de ') LIMIT 1' à la ligne 1
 [ SQL语句 ] : SELECT COUNT(*) AS tp_count FROM `tp_email` WHERE ( isread = 0 and to_id =  ) LIMIT 1  

[ 2016-07-07T10:02:41+08:00 ] 127.0.0.1 /index.php/Admin/Email/getMesCount.html
INFO: [ app_begin ] --START--
INFO: Run Behavior\ReadHtmlCacheBehavior [ RunTime:0.001000s ]
INFO: [ app_begin ] --END-- [ RunTime:0.003000s ]
SQL: SHOW COLUMNS FROM `tp_email` [ RunTime:0.0070s ]
ERR: 1064:Erreur de syntaxe près de ') LIMIT 1' à la ligne 1
 [ SQL语句 ] : SELECT COUNT(*) AS tp_count FROM `tp_email` WHERE ( isread = 0 and to_id =  ) LIMIT 1  
ERR: 1064:Erreur de syntaxe près de ') LIMIT 1' à la ligne 1
 [ SQL语句 ] : SELECT COUNT(*) AS tp_count FROM `tp_email` WHERE ( isread = 0 and to_id =  ) LIMIT 1  

[ 2016-07-07T10:02:44+08:00 ] 127.0.0.1 /index.php/Admin/Email/getMesCount.html
INFO: [ app_begin ] --START--
INFO: Run Behavior\ReadHtmlCacheBehavior [ RunTime:0.001000s ]
INFO: [ app_begin ] --END-- [ RunTime:0.001000s ]
SQL: SHOW COLUMNS FROM `tp_email` [ RunTime:0.0020s ]
ERR: 1064:Erreur de syntaxe près de ') LIMIT 1' à la ligne 1
 [ SQL语句 ] : SELECT COUNT(*) AS tp_count FROM `tp_email` WHERE ( isread = 0 and to_id =  ) LIMIT 1  
ERR: 1064:Erreur de syntaxe près de ') LIMIT 1' à la ligne 1
 [ SQL语句 ] : SELECT COUNT(*) AS tp_count FROM `tp_email` WHERE ( isread = 0 and to_id =  ) LIMIT 1  

[ 2016-07-07T10:02:47+08:00 ] 127.0.0.1 /index.php/Admin/Email/getMesCount.html
INFO: [ app_begin ] --START--
INFO: Run Behavior\ReadHtmlCacheBehavior [ RunTime:0.000000s ]
INFO: [ app_begin ] --END-- [ RunTime:0.001000s ]
SQL: SHOW COLUMNS FROM `tp_email` [ RunTime:0.0030s ]
ERR: 1064:Erreur de syntaxe près de ') LIMIT 1' à la ligne 1
 [ SQL语句 ] : SELECT COUNT(*) AS tp_count FROM `tp_email` WHERE ( isread = 0 and to_id =  ) LIMIT 1  
ERR: 1064:Erreur de syntaxe près de ') LIMIT 1' à la ligne 1
 [ SQL语句 ] : SELECT COUNT(*) AS tp_count FROM `tp_email` WHERE ( isread = 0 and to_id =  ) LIMIT 1  

[ 2016-07-07T10:02:49+08:00 ] 127.0.0.1 /index.php/Admin/Email/getMesCount.html
INFO: [ app_begin ] --START--
INFO: Run Behavior\ReadHtmlCacheBehavior [ RunTime:0.001000s ]
INFO: [ app_begin ] --END-- [ RunTime:0.003000s ]
SQL: SHOW COLUMNS FROM `tp_email` [ RunTime:0.0040s ]
ERR: 1064:Erreur de syntaxe près de ') LIMIT 1' à la ligne 1
 [ SQL语句 ] : SELECT COUNT(*) AS tp_count FROM `tp_email` WHERE ( isread = 0 and to_id =  ) LIMIT 1  
ERR: 1064:Erreur de syntaxe près de ') LIMIT 1' à la ligne 1
 [ SQL语句 ] : SELECT COUNT(*) AS tp_count FROM `tp_email` WHERE ( isread = 0 and to_id =  ) LIMIT 1  

[ 2016-07-07T10:02:52+08:00 ] 127.0.0.1 /index.php/Admin/Email/getMesCount.html
INFO: [ app_begin ] --START--
INFO: Run Behavior\ReadHtmlCacheBehavior [ RunTime:0.000000s ]
INFO: [ app_begin ] --END-- [ RunTime:0.001000s ]
SQL: SHOW COLUMNS FROM `tp_email` [ RunTime:0.0020s ]
ERR: 1064:Erreur de syntaxe près de ') LIMIT 1' à la ligne 1
 [ SQL语句 ] : SELECT COUNT(*) AS tp_count FROM `tp_email` WHERE ( isread = 0 and to_id =  ) LIMIT 1  
ERR: 1064:Erreur de syntaxe près de ') LIMIT 1' à la ligne 1
 [ SQL语句 ] : SELECT COUNT(*) AS tp_count FROM `tp_email` WHERE ( isread = 0 and to_id =  ) LIMIT 1  

[ 2016-07-07T10:02:56+08:00 ] 127.0.0.1 /index.php/Admin/Email/getMesCount.html
INFO: [ app_begin ] --START--
INFO: Run Behavior\ReadHtmlCacheBehavior [ RunTime:0.002000s ]
INFO: [ app_begin ] --END-- [ RunTime:0.003000s ]
SQL: SHOW COLUMNS FROM `tp_email` [ RunTime:0.0030s ]
ERR: 1064:Erreur de syntaxe près de ') LIMIT 1' à la ligne 1
 [ SQL语句 ] : SELECT COUNT(*) AS tp_count FROM `tp_email` WHERE ( isread = 0 and to_id =  ) LIMIT 1  
ERR: 1064:Erreur de syntaxe près de ') LIMIT 1' à la ligne 1
 [ SQL语句 ] : SELECT COUNT(*) AS tp_count FROM `tp_email` WHERE ( isread = 0 and to_id =  ) LIMIT 1  

[ 2016-07-07T10:02:59+08:00 ] 127.0.0.1 /index.php/Admin/Email/getMesCount.html
INFO: [ app_begin ] --START--
INFO: Run Behavior\ReadHtmlCacheBehavior [ RunTime:0.000000s ]
INFO: [ app_begin ] --END-- [ RunTime:0.001000s ]
SQL: SHOW COLUMNS FROM `tp_email` [ RunTime:0.0030s ]
ERR: 1064:Erreur de syntaxe près de ') LIMIT 1' à la ligne 1
 [ SQL语句 ] : SELECT COUNT(*) AS tp_count FROM `tp_email` WHERE ( isread = 0 and to_id =  ) LIMIT 1  
ERR: 1064:Erreur de syntaxe près de ') LIMIT 1' à la ligne 1
 [ SQL语句 ] : SELECT COUNT(*) AS tp_count FROM `tp_email` WHERE ( isread = 0 and to_id =  ) LIMIT 1  

[ 2016-07-07T10:03:02+08:00 ] 127.0.0.1 /index.php/Admin/Email/getMesCount.html
INFO: [ app_begin ] --START--
INFO: Run Behavior\ReadHtmlCacheBehavior [ RunTime:0.001000s ]
INFO: [ app_begin ] --END-- [ RunTime:0.002000s ]
SQL: SHOW COLUMNS FROM `tp_email` [ RunTime:0.0040s ]
ERR: 1064:Erreur de syntaxe près de ') LIMIT 1' à la ligne 1
 [ SQL语句 ] : SELECT COUNT(*) AS tp_count FROM `tp_email` WHERE ( isread = 0 and to_id =  ) LIMIT 1  
ERR: 1064:Erreur de syntaxe près de ') LIMIT 1' à la ligne 1
 [ SQL语句 ] : SELECT COUNT(*) AS tp_count FROM `tp_email` WHERE ( isread = 0 and to_id =  ) LIMIT 1  

[ 2016-07-07T10:03:04+08:00 ] 127.0.0.1 /index.php/Admin/Email/getMesCount.html
INFO: [ app_begin ] --START--
INFO: Run Behavior\ReadHtmlCacheBehavior [ RunTime:0.001000s ]
INFO: [ app_begin ] --END-- [ RunTime:0.002000s ]
SQL: SHOW COLUMNS FROM `tp_email` [ RunTime:0.0040s ]
ERR: 1064:Erreur de syntaxe près de ') LIMIT 1' à la ligne 1
 [ SQL语句 ] : SELECT COUNT(*) AS tp_count FROM `tp_email` WHERE ( isread = 0 and to_id =  ) LIMIT 1  
ERR: 1064:Erreur de syntaxe près de ') LIMIT 1' à la ligne 1
 [ SQL语句 ] : SELECT COUNT(*) AS tp_count FROM `tp_email` WHERE ( isread = 0 and to_id =  ) LIMIT 1  

[ 2016-07-07T10:03:07+08:00 ] 127.0.0.1 /index.php/Admin/Email/getMesCount.html
INFO: [ app_begin ] --START--
INFO: Run Behavior\ReadHtmlCacheBehavior [ RunTime:0.000000s ]
INFO: [ app_begin ] --END-- [ RunTime:0.001000s ]
SQL: SHOW COLUMNS FROM `tp_email` [ RunTime:0.0030s ]
ERR: 1064:Erreur de syntaxe près de ') LIMIT 1' à la ligne 1
 [ SQL语句 ] : SELECT COUNT(*) AS tp_count FROM `tp_email` WHERE ( isread = 0 and to_id =  ) LIMIT 1  
ERR: 1064:Erreur de syntaxe près de ') LIMIT 1' à la ligne 1
 [ SQL语句 ] : SELECT COUNT(*) AS tp_count FROM `tp_email` WHERE ( isread = 0 and to_id =  ) LIMIT 1  

[ 2016-07-07T10:03:10+08:00 ] 127.0.0.1 /index.php/Admin/Email/getMesCount.html
INFO: [ app_begin ] --START--
INFO: Run Behavior\ReadHtmlCacheBehavior [ RunTime:0.001000s ]
INFO: [ app_begin ] --END-- [ RunTime:0.001000s ]
SQL: SHOW COLUMNS FROM `tp_email` [ RunTime:0.0030s ]
ERR: 1064:Erreur de syntaxe près de ') LIMIT 1' à la ligne 1
 [ SQL语句 ] : SELECT COUNT(*) AS tp_count FROM `tp_email` WHERE ( isread = 0 and to_id =  ) LIMIT 1  
ERR: 1064:Erreur de syntaxe près de ') LIMIT 1' à la ligne 1
 [ SQL语句 ] : SELECT COUNT(*) AS tp_count FROM `tp_email` WHERE ( isread = 0 and to_id =  ) LIMIT 1  

[ 2016-07-07T10:03:13+08:00 ] 127.0.0.1 /index.php/Admin/Email/getMesCount.html
INFO: [ app_begin ] --START--
INFO: Run Behavior\ReadHtmlCacheBehavior [ RunTime:0.001000s ]
INFO: [ app_begin ] --END-- [ RunTime:0.002000s ]
SQL: SHOW COLUMNS FROM `tp_email` [ RunTime:0.0050s ]
ERR: 1064:Erreur de syntaxe près de ') LIMIT 1' à la ligne 1
 [ SQL语句 ] : SELECT COUNT(*) AS tp_count FROM `tp_email` WHERE ( isread = 0 and to_id =  ) LIMIT 1  
ERR: 1064:Erreur de syntaxe près de ') LIMIT 1' à la ligne 1
 [ SQL语句 ] : SELECT COUNT(*) AS tp_count FROM `tp_email` WHERE ( isread = 0 and to_id =  ) LIMIT 1  

[ 2016-07-07T10:03:16+08:00 ] 127.0.0.1 /index.php/Admin/Email/getMesCount.html
INFO: [ app_begin ] --START--
INFO: Run Behavior\ReadHtmlCacheBehavior [ RunTime:0.001000s ]
INFO: [ app_begin ] --END-- [ RunTime:0.002000s ]
SQL: SHOW COLUMNS FROM `tp_email` [ RunTime:0.0040s ]
ERR: 1064:Erreur de syntaxe près de ') LIMIT 1' à la ligne 1
 [ SQL语句 ] : SELECT COUNT(*) AS tp_count FROM `tp_email` WHERE ( isread = 0 and to_id =  ) LIMIT 1  
ERR: 1064:Erreur de syntaxe près de ') LIMIT 1' à la ligne 1
 [ SQL语句 ] : SELECT COUNT(*) AS tp_count FROM `tp_email` WHERE ( isread = 0 and to_id =  ) LIMIT 1  

[ 2016-07-07T10:03:19+08:00 ] 127.0.0.1 /index.php/Admin/Email/getMesCount.html
INFO: [ app_begin ] --START--
INFO: Run Behavior\ReadHtmlCacheBehavior [ RunTime:0.001000s ]
INFO: [ app_begin ] --END-- [ RunTime:0.003001s ]
SQL: SHOW COLUMNS FROM `tp_email` [ RunTime:0.0050s ]
ERR: 1064:Erreur de syntaxe près de ') LIMIT 1' à la ligne 1
 [ SQL语句 ] : SELECT COUNT(*) AS tp_count FROM `tp_email` WHERE ( isread = 0 and to_id =  ) LIMIT 1  
ERR: 1064:Erreur de syntaxe près de ') LIMIT 1' à la ligne 1
 [ SQL语句 ] : SELECT COUNT(*) AS tp_count FROM `tp_email` WHERE ( isread = 0 and to_id =  ) LIMIT 1  

[ 2016-07-07T10:03:22+08:00 ] 127.0.0.1 /index.php/Admin/Email/getMesCount.html
INFO: [ app_begin ] --START--
INFO: Run Behavior\ReadHtmlCacheBehavior [ RunTime:0.001000s ]
INFO: [ app_begin ] --END-- [ RunTime:0.002000s ]
SQL: SHOW COLUMNS FROM `tp_email` [ RunTime:0.0050s ]
ERR: 1064:Erreur de syntaxe près de ') LIMIT 1' à la ligne 1
 [ SQL语句 ] : SELECT COUNT(*) AS tp_count FROM `tp_email` WHERE ( isread = 0 and to_id =  ) LIMIT 1  
ERR: 1064:Erreur de syntaxe près de ') LIMIT 1' à la ligne 1
 [ SQL语句 ] : SELECT COUNT(*) AS tp_count FROM `tp_email` WHERE ( isread = 0 and to_id =  ) LIMIT 1  

[ 2016-07-07T10:03:25+08:00 ] 127.0.0.1 /index.php/Admin/Email/getMesCount.html
INFO: [ app_begin ] --START--
INFO: Run Behavior\ReadHtmlCacheBehavior [ RunTime:0.000000s ]
INFO: [ app_begin ] --END-- [ RunTime:0.001001s ]
SQL: SHOW COLUMNS FROM `tp_email` [ RunTime:0.0030s ]
ERR: 1064:Erreur de syntaxe près de ') LIMIT 1' à la ligne 1
 [ SQL语句 ] : SELECT COUNT(*) AS tp_count FROM `tp_email` WHERE ( isread = 0 and to_id =  ) LIMIT 1  
ERR: 1064:Erreur de syntaxe près de ') LIMIT 1' à la ligne 1
 [ SQL语句 ] : SELECT COUNT(*) AS tp_count FROM `tp_email` WHERE ( isread = 0 and to_id =  ) LIMIT 1  

[ 2016-07-07T10:03:28+08:00 ] 127.0.0.1 /index.php/Admin/Email/getMesCount.html
INFO: [ app_begin ] --START--
INFO: Run Behavior\ReadHtmlCacheBehavior [ RunTime:0.001000s ]
INFO: [ app_begin ] --END-- [ RunTime:0.001000s ]
SQL: SHOW COLUMNS FROM `tp_email` [ RunTime:0.0030s ]
ERR: 1064:Erreur de syntaxe près de ') LIMIT 1' à la ligne 1
 [ SQL语句 ] : SELECT COUNT(*) AS tp_count FROM `tp_email` WHERE ( isread = 0 and to_id =  ) LIMIT 1  
ERR: 1064:Erreur de syntaxe près de ') LIMIT 1' à la ligne 1
 [ SQL语句 ] : SELECT COUNT(*) AS tp_count FROM `tp_email` WHERE ( isread = 0 and to_id =  ) LIMIT 1  

[ 2016-07-07T10:03:31+08:00 ] 127.0.0.1 /index.php/Admin/Email/getMesCount.html
INFO: [ app_begin ] --START--
INFO: Run Behavior\ReadHtmlCacheBehavior [ RunTime:0.001000s ]
INFO: [ app_begin ] --END-- [ RunTime:0.002000s ]
SQL: SHOW COLUMNS FROM `tp_email` [ RunTime:0.0030s ]
ERR: 1064:Erreur de syntaxe près de ') LIMIT 1' à la ligne 1
 [ SQL语句 ] : SELECT COUNT(*) AS tp_count FROM `tp_email` WHERE ( isread = 0 and to_id =  ) LIMIT 1  
ERR: 1064:Erreur de syntaxe près de ') LIMIT 1' à la ligne 1
 [ SQL语句 ] : SELECT COUNT(*) AS tp_count FROM `tp_email` WHERE ( isread = 0 and to_id =  ) LIMIT 1  

[ 2016-07-07T10:03:34+08:00 ] 127.0.0.1 /index.php/Admin/Email/getMesCount.html
INFO: [ app_begin ] --START--
INFO: Run Behavior\ReadHtmlCacheBehavior [ RunTime:0.001000s ]
INFO: [ app_begin ] --END-- [ RunTime:0.001000s ]
SQL: SHOW COLUMNS FROM `tp_email` [ RunTime:0.0030s ]
ERR: 1064:Erreur de syntaxe près de ') LIMIT 1' à la ligne 1
 [ SQL语句 ] : SELECT COUNT(*) AS tp_count FROM `tp_email` WHERE ( isread = 0 and to_id =  ) LIMIT 1  
ERR: 1064:Erreur de syntaxe près de ') LIMIT 1' à la ligne 1
 [ SQL语句 ] : SELECT COUNT(*) AS tp_count FROM `tp_email` WHERE ( isread = 0 and to_id =  ) LIMIT 1  

