[ 2016-07-05T16:56:59+08:00 ] 127.0.0.1 /index.php/Admin/Email/getMesCount.html
INFO: [ app_begin ] --START--
INFO: Run Behavior\ReadHtmlCacheBehavior [ RunTime:0.001000s ]
INFO: [ app_begin ] --END-- [ RunTime:0.001000s ]
SQL: SHOW COLUMNS FROM `tp_email` [ RunTime:0.0060s ]
ERR: 1064:Erreur de syntaxe près de ') LIMIT 1' à la ligne 1
 [ SQL语句 ] : SELECT COUNT(*) AS tp_count FROM `tp_email` WHERE ( isread = 0 and to_id =  ) LIMIT 1  
ERR: 1064:Erreur de syntaxe près de ') LIMIT 1' à la ligne 1
 [ SQL语句 ] : SELECT COUNT(*) AS tp_count FROM `tp_email` WHERE ( isread = 0 and to_id =  ) LIMIT 1  

[ 2016-07-05T16:57:21+08:00 ] 127.0.0.1 /index.php/Admin/Email/getMesCount.html
INFO: [ app_begin ] --START--
INFO: Run Behavior\ReadHtmlCacheBehavior [ RunTime:0.001000s ]
INFO: [ app_begin ] --END-- [ RunTime:0.002000s ]
SQL: SHOW COLUMNS FROM `tp_email` [ RunTime:0.0050s ]
SQL: SELECT COUNT(*) AS tp_count FROM `tp_email` WHERE ( isread = 0 and to_id = 12 ) LIMIT 1   [ RunTime:0.0010s ]
INFO: [ app_end ] --START--
INFO: Run Behavior\ShowPageTraceBehavior [ RunTime:0.001000s ]
INFO: [ app_end ] --END-- [ RunTime:0.002000s ]

[ 2016-07-05T16:57:24+08:00 ] 127.0.0.1 /index.php/Admin/Email/getMesCount.html
INFO: [ app_begin ] --START--
INFO: Run Behavior\ReadHtmlCacheBehavior [ RunTime:0.000000s ]
INFO: [ app_begin ] --END-- [ RunTime:0.001000s ]
SQL: SHOW COLUMNS FROM `tp_email` [ RunTime:0.0030s ]
SQL: SELECT COUNT(*) AS tp_count FROM `tp_email` WHERE ( isread = 0 and to_id = 12 ) LIMIT 1   [ RunTime:0.0000s ]
INFO: [ app_end ] --START--
INFO: Run Behavior\ShowPageTraceBehavior [ RunTime:0.000000s ]
INFO: [ app_end ] --END-- [ RunTime:0.000000s ]

[ 2016-07-05T16:57:27+08:00 ] 127.0.0.1 /index.php/Admin/Email/getMesCount.html
INFO: [ app_begin ] --START--
INFO: Run Behavior\ReadHtmlCacheBehavior [ RunTime:0.001000s ]
INFO: [ app_begin ] --END-- [ RunTime:0.002000s ]
SQL: SHOW COLUMNS FROM `tp_email` [ RunTime:0.0030s ]
SQL: SELECT COUNT(*) AS tp_count FROM `tp_email` WHERE ( isread = 0 and to_id = 12 ) LIMIT 1   [ RunTime:0.0000s ]
INFO: [ app_end ] --START--
INFO: Run Behavior\ShowPageTraceBehavior [ RunTime:0.000000s ]
INFO: [ app_end ] --END-- [ RunTime:0.001000s ]

[ 2016-07-05T16:57:30+08:00 ] 127.0.0.1 /index.php/Admin/Email/getMesCount.html
INFO: [ app_begin ] --START--
INFO: Run Behavior\ReadHtmlCacheBehavior [ RunTime:0.001000s ]
INFO: [ app_begin ] --END-- [ RunTime:0.002001s ]
SQL: SHOW COLUMNS FROM `tp_email` [ RunTime:0.0030s ]
SQL: SELECT COUNT(*) AS tp_count FROM `tp_email` WHERE ( isread = 0 and to_id = 12 ) LIMIT 1   [ RunTime:0.0010s ]
INFO: [ app_end ] --START--
INFO: Run Behavior\ShowPageTraceBehavior [ RunTime:0.001001s ]
INFO: [ app_end ] --END-- [ RunTime:0.001001s ]

[ 2016-07-05T16:57:33+08:00 ] 127.0.0.1 /index.php/Admin/Email/getMesCount.html
INFO: [ app_begin ] --START--
INFO: Run Behavior\ReadHtmlCacheBehavior [ RunTime:0.001000s ]
INFO: [ app_begin ] --END-- [ RunTime:0.002000s ]
SQL: SHOW COLUMNS FROM `tp_email` [ RunTime:0.0050s ]
SQL: SELECT COUNT(*) AS tp_count FROM `tp_email` WHERE ( isread = 0 and to_id = 12 ) LIMIT 1   [ RunTime:0.0010s ]
INFO: [ app_end ] --START--
INFO: Run Behavior\ShowPageTraceBehavior [ RunTime:0.001000s ]
INFO: [ app_end ] --END-- [ RunTime:0.002000s ]

